<?xml version="1.0" encoding="UTF-8"?>
<testsuite name="com.jinhak.book.springboot.web.IndexControllerTest" tests="1" skipped="0" failures="0" errors="0" timestamp="2022-06-22T12:29:30" hostname="WEE.local" time="0.48">
  <properties/>
  <testcase name="메인페이지_로딩" classname="com.jinhak.book.springboot.web.IndexControllerTest" time="0.48"/>
  <system-out><![CDATA[21:29:22.026 [Test worker] DEBUG org.springframework.test.context.junit4.SpringJUnit4ClassRunner - SpringJUnit4ClassRunner constructor called with [class com.jinhak.book.springboot.web.IndexControllerTest]
21:29:22.033 [Test worker] DEBUG org.springframework.test.context.BootstrapUtils - Instantiating CacheAwareContextLoaderDelegate from class [org.springframework.test.context.cache.DefaultCacheAwareContextLoaderDelegate]
21:29:22.041 [Test worker] DEBUG org.springframework.test.context.BootstrapUtils - Instantiating BootstrapContext using constructor [public org.springframework.test.context.support.DefaultBootstrapContext(java.lang.Class,org.springframework.test.context.CacheAwareContextLoaderDelegate)]
21:29:22.070 [Test worker] DEBUG org.springframework.test.context.BootstrapUtils - Instantiating TestContextBootstrapper for test class [com.jinhak.book.springboot.web.IndexControllerTest] from class [org.springframework.boot.test.context.SpringBootTestContextBootstrapper]
21:29:22.117 [Test worker] INFO org.springframework.boot.test.context.SpringBootTestContextBootstrapper - Neither @ContextConfiguration nor @ContextHierarchy found for test class [com.jinhak.book.springboot.web.IndexControllerTest], using SpringBootContextLoader
21:29:22.120 [Test worker] DEBUG org.springframework.test.context.support.AbstractContextLoader - Did not detect default resource location for test class [com.jinhak.book.springboot.web.IndexControllerTest]: class path resource [com/jinhak/book/springboot/web/IndexControllerTest-context.xml] does not exist
21:29:22.121 [Test worker] DEBUG org.springframework.test.context.support.AbstractContextLoader - Did not detect default resource location for test class [com.jinhak.book.springboot.web.IndexControllerTest]: class path resource [com/jinhak/book/springboot/web/IndexControllerTestContext.groovy] does not exist
21:29:22.121 [Test worker] INFO org.springframework.test.context.support.AbstractContextLoader - Could not detect default resource locations for test class [com.jinhak.book.springboot.web.IndexControllerTest]: no resource found for suffixes {-context.xml, Context.groovy}.
21:29:22.122 [Test worker] INFO org.springframework.test.context.support.AnnotationConfigContextLoaderUtils - Could not detect default configuration classes for test class [com.jinhak.book.springboot.web.IndexControllerTest]: IndexControllerTest does not declare any static, non-private, non-final, nested classes annotated with @Configuration.
21:29:22.172 [Test worker] DEBUG org.springframework.test.context.support.ActiveProfilesUtils - Could not find an 'annotation declaring class' for annotation type [org.springframework.test.context.ActiveProfiles] and class [com.jinhak.book.springboot.web.IndexControllerTest]
21:29:22.328 [Test worker] DEBUG org.springframework.context.annotation.ClassPathScanningCandidateComponentProvider - Identified candidate component class: file [/Users/weejinhak/Workspace/InteliJ/build/classes/java/main/com/jinhak/book/springboot/Application.class]
21:29:22.331 [Test worker] INFO org.springframework.boot.test.context.SpringBootTestContextBootstrapper - Found @SpringBootConfiguration com.jinhak.book.springboot.Application for test class com.jinhak.book.springboot.web.IndexControllerTest
21:29:22.417 [Test worker] DEBUG org.springframework.boot.test.context.SpringBootTestContextBootstrapper - @TestExecutionListeners is not present for class [com.jinhak.book.springboot.web.IndexControllerTest]: using defaults.
21:29:22.418 [Test worker] INFO org.springframework.boot.test.context.SpringBootTestContextBootstrapper - Loaded default TestExecutionListener class names from location [META-INF/spring.factories]: [org.springframework.boot.test.autoconfigure.restdocs.RestDocsTestExecutionListener, org.springframework.boot.test.autoconfigure.web.client.MockRestServiceServerResetTestExecutionListener, org.springframework.boot.test.autoconfigure.web.servlet.MockMvcPrintOnlyOnFailureTestExecutionListener, org.springframework.boot.test.autoconfigure.web.servlet.WebDriverTestExecutionListener, org.springframework.boot.test.mock.mockito.MockitoTestExecutionListener, org.springframework.boot.test.mock.mockito.ResetMocksTestExecutionListener, org.springframework.test.context.web.ServletTestExecutionListener, org.springframework.test.context.support.DirtiesContextBeforeModesTestExecutionListener, org.springframework.test.context.support.DependencyInjectionTestExecutionListener, org.springframework.test.context.support.DirtiesContextTestExecutionListener, org.springframework.test.context.transaction.TransactionalTestExecutionListener, org.springframework.test.context.jdbc.SqlScriptsTestExecutionListener]
21:29:22.430 [Test worker] INFO org.springframework.boot.test.context.SpringBootTestContextBootstrapper - Using TestExecutionListeners: [org.springframework.test.context.web.ServletTestExecutionListener@2ab8e3fb, org.springframework.test.context.support.DirtiesContextBeforeModesTestExecutionListener@3638fb0e, org.springframework.boot.test.mock.mockito.MockitoTestExecutionListener@31e5f47c, org.springframework.boot.test.autoconfigure.SpringBootDependencyInjectionTestExecutionListener@23b33914, org.springframework.test.context.support.DirtiesContextTestExecutionListener@4e79a1a2, org.springframework.test.context.transaction.TransactionalTestExecutionListener@3fe8c3e8, org.springframework.test.context.jdbc.SqlScriptsTestExecutionListener@21b0967d, org.springframework.boot.test.autoconfigure.restdocs.RestDocsTestExecutionListener@1b7170c6, org.springframework.boot.test.autoconfigure.web.client.MockRestServiceServerResetTestExecutionListener@1886a6bb, org.springframework.boot.test.autoconfigure.web.servlet.MockMvcPrintOnlyOnFailureTestExecutionListener@6108d1c0, org.springframework.boot.test.autoconfigure.web.servlet.WebDriverTestExecutionListener@44aea0e2, org.springframework.boot.test.mock.mockito.ResetMocksTestExecutionListener@54490ff1]
21:29:22.435 [Test worker] DEBUG org.springframework.test.annotation.ProfileValueUtils - Retrieved @ProfileValueSourceConfiguration [null] for test class [com.jinhak.book.springboot.web.IndexControllerTest]
21:29:22.436 [Test worker] DEBUG org.springframework.test.annotation.ProfileValueUtils - Retrieved ProfileValueSource type [class org.springframework.test.annotation.SystemProfileValueSource] for class [com.jinhak.book.springboot.web.IndexControllerTest]
21:29:22.438 [Test worker] DEBUG org.springframework.test.annotation.ProfileValueUtils - Retrieved @ProfileValueSourceConfiguration [null] for test class [com.jinhak.book.springboot.web.IndexControllerTest]
21:29:22.439 [Test worker] DEBUG org.springframework.test.annotation.ProfileValueUtils - Retrieved ProfileValueSource type [class org.springframework.test.annotation.SystemProfileValueSource] for class [com.jinhak.book.springboot.web.IndexControllerTest]
21:29:22.439 [Test worker] DEBUG org.springframework.test.annotation.ProfileValueUtils - Retrieved @ProfileValueSourceConfiguration [null] for test class [com.jinhak.book.springboot.web.IndexControllerTest]
21:29:22.439 [Test worker] DEBUG org.springframework.test.annotation.ProfileValueUtils - Retrieved ProfileValueSource type [class org.springframework.test.annotation.SystemProfileValueSource] for class [com.jinhak.book.springboot.web.IndexControllerTest]
21:29:22.442 [Test worker] DEBUG org.springframework.test.context.support.AbstractDirtiesContextTestExecutionListener - Before test class: context [DefaultTestContext@f8d4e44 testClass = IndexControllerTest, testInstance = [null], testMethod = [null], testException = [null], mergedContextConfiguration = [WebMergedContextConfiguration@40dc8992 testClass = IndexControllerTest, locations = '{}', classes = '{class com.jinhak.book.springboot.Application}', contextInitializerClasses = '[]', activeProfiles = '{}', propertySourceLocations = '{}', propertySourceProperties = '{org.springframework.boot.test.context.SpringBootTestContextBootstrapper=true, server.port=0}', contextCustomizers = set[org.springframework.boot.test.autoconfigure.properties.PropertyMappingContextCustomizer@0, org.springframework.boot.test.autoconfigure.web.servlet.WebDriverContextCustomizerFactory$Customizer@44b0f9d7, org.springframework.boot.test.context.filter.ExcludeFilterContextCustomizer@63f62b9b, org.springframework.boot.test.json.DuplicateJsonObjectContextCustomizerFactory$DuplicateJsonObjectContextCustomizer@38144839, org.springframework.boot.test.mock.mockito.MockitoContextCustomizer@0, org.springframework.boot.test.web.client.TestRestTemplateContextCustomizer@5b31fb72], resourceBasePath = 'src/main/webapp', contextLoader = 'org.springframework.boot.test.context.SpringBootContextLoader', parent = [null]], attributes = map['org.springframework.test.context.web.ServletTestExecutionListener.activateListener' -> false]], class annotated with @DirtiesContext [false] with mode [null].
21:29:22.443 [Test worker] DEBUG org.springframework.test.annotation.ProfileValueUtils - Retrieved @ProfileValueSourceConfiguration [null] for test class [com.jinhak.book.springboot.web.IndexControllerTest]
21:29:22.443 [Test worker] DEBUG org.springframework.test.annotation.ProfileValueUtils - Retrieved ProfileValueSource type [class org.springframework.test.annotation.SystemProfileValueSource] for class [com.jinhak.book.springboot.web.IndexControllerTest]
21:29:22.447 [Test worker] DEBUG org.springframework.test.context.support.DependencyInjectionTestExecutionListener - Performing dependency injection for test context [[DefaultTestContext@f8d4e44 testClass = IndexControllerTest, testInstance = com.jinhak.book.springboot.web.IndexControllerTest@55e77d40, testMethod = [null], testException = [null], mergedContextConfiguration = [WebMergedContextConfiguration@40dc8992 testClass = IndexControllerTest, locations = '{}', classes = '{class com.jinhak.book.springboot.Application}', contextInitializerClasses = '[]', activeProfiles = '{}', propertySourceLocations = '{}', propertySourceProperties = '{org.springframework.boot.test.context.SpringBootTestContextBootstrapper=true, server.port=0}', contextCustomizers = set[org.springframework.boot.test.autoconfigure.properties.PropertyMappingContextCustomizer@0, org.springframework.boot.test.autoconfigure.web.servlet.WebDriverContextCustomizerFactory$Customizer@44b0f9d7, org.springframework.boot.test.context.filter.ExcludeFilterContextCustomizer@63f62b9b, org.springframework.boot.test.json.DuplicateJsonObjectContextCustomizerFactory$DuplicateJsonObjectContextCustomizer@38144839, org.springframework.boot.test.mock.mockito.MockitoContextCustomizer@0, org.springframework.boot.test.web.client.TestRestTemplateContextCustomizer@5b31fb72], resourceBasePath = 'src/main/webapp', contextLoader = 'org.springframework.boot.test.context.SpringBootContextLoader', parent = [null]], attributes = map['org.springframework.test.context.web.ServletTestExecutionListener.activateListener' -> false]]].
21:29:22.509 [Test worker] DEBUG org.springframework.test.context.support.TestPropertySourceUtils - Adding inlined properties to environment: {spring.jmx.enabled=false, org.springframework.boot.test.context.SpringBootTestContextBootstrapper=true, server.port=0}

  .   ____          _            __ _ _
 /\\ / ___'_ __ _ _(_)_ __  __ _ \ \ \ \
( ( )\___ | '_ | '_| | '_ \/ _` | \ \ \ \
 \\/  ___)| |_)| | | | | || (_| |  ) ) ) )
  '  |____| .__|_| |_|_| |_\__, | / / / /
 =========|_|==============|___/=/_/_/_/
 :: Spring Boot ::        (v2.1.7.RELEASE)

2022-06-22 21:29:22.885  INFO 15962 --- [    Test worker] c.j.b.s.web.IndexControllerTest          : Starting IndexControllerTest on WEE.local with PID 15962 (started by weejinhak in /Users/weejinhak/Workspace/InteliJ)
2022-06-22 21:29:22.887  INFO 15962 --- [    Test worker] c.j.b.s.web.IndexControllerTest          : No active profile set, falling back to default profiles: default
2022-06-22 21:29:24.168  INFO 15962 --- [    Test worker] .s.d.r.c.RepositoryConfigurationDelegate : Bootstrapping Spring Data repositories in DEFAULT mode.
2022-06-22 21:29:24.278  INFO 15962 --- [    Test worker] .s.d.r.c.RepositoryConfigurationDelegate : Finished Spring Data repository scanning in 95ms. Found 1 repository interfaces.
2022-06-22 21:29:24.960  INFO 15962 --- [    Test worker] trationDelegate$BeanPostProcessorChecker : Bean 'org.springframework.transaction.annotation.ProxyTransactionManagementConfiguration' of type [org.springframework.transaction.annotation.ProxyTransactionManagementConfiguration$$EnhancerBySpringCGLIB$$d988f1f8] is not eligible for getting processed by all BeanPostProcessors (for example: not eligible for auto-proxying)
2022-06-22 21:29:25.756  INFO 15962 --- [    Test worker] o.s.b.w.embedded.tomcat.TomcatWebServer  : Tomcat initialized with port(s): 0 (http)
2022-06-22 21:29:25.807  INFO 15962 --- [    Test worker] o.apache.catalina.core.StandardService   : Starting service [Tomcat]
2022-06-22 21:29:25.808  INFO 15962 --- [    Test worker] org.apache.catalina.core.StandardEngine  : Starting Servlet engine: [Apache Tomcat/9.0.22]
2022-06-22 21:29:25.926  INFO 15962 --- [    Test worker] o.a.c.c.C.[Tomcat].[localhost].[/]       : Initializing Spring embedded WebApplicationContext
2022-06-22 21:29:25.927  INFO 15962 --- [    Test worker] o.s.web.context.ContextLoader            : Root WebApplicationContext: initialization completed in 3008 ms
2022-06-22 21:29:26.479  INFO 15962 --- [    Test worker] com.zaxxer.hikari.HikariDataSource       : HikariPool-1 - Starting...
2022-06-22 21:29:26.648  INFO 15962 --- [    Test worker] com.zaxxer.hikari.HikariDataSource       : HikariPool-1 - Start completed.
2022-06-22 21:29:26.884  INFO 15962 --- [    Test worker] o.hibernate.jpa.internal.util.LogHelper  : HHH000204: Processing PersistenceUnitInfo [
	name: default
	...]
2022-06-22 21:29:26.959  INFO 15962 --- [    Test worker] org.hibernate.Version                    : HHH000412: Hibernate Core {5.3.10.Final}
2022-06-22 21:29:26.960  INFO 15962 --- [    Test worker] org.hibernate.cfg.Environment            : HHH000206: hibernate.properties not found
2022-06-22 21:29:27.108  INFO 15962 --- [    Test worker] o.hibernate.annotations.common.Version   : HCANN000001: Hibernate Commons Annotations {5.0.4.Final}
2022-06-22 21:29:27.244  INFO 15962 --- [    Test worker] org.hibernate.dialect.Dialect            : HHH000400: Using dialect: org.hibernate.dialect.MySQL5InnoDBDialect
Hibernate: create table posts (id bigint not null auto_increment, author varchar(255), content TEXT not null, title varchar(500) not null, primary key (id)) engine=InnoDB
2022-06-22 21:29:27.859  INFO 15962 --- [    Test worker] j.LocalContainerEntityManagerFactoryBean : Initialized JPA EntityManagerFactory for persistence unit 'default'
2022-06-22 21:29:29.291  INFO 15962 --- [    Test worker] o.s.s.concurrent.ThreadPoolTaskExecutor  : Initializing ExecutorService 'applicationTaskExecutor'
2022-06-22 21:29:29.398  WARN 15962 --- [    Test worker] aWebConfiguration$JpaWebMvcConfiguration : spring.jpa.open-in-view is enabled by default. Therefore, database queries may be performed during view rendering. Explicitly configure spring.jpa.open-in-view to disable this warning
2022-06-22 21:29:29.581  INFO 15962 --- [    Test worker] o.s.b.a.w.s.WelcomePageHandlerMapping    : Adding welcome page template: index
2022-06-22 21:29:30.036  INFO 15962 --- [    Test worker] o.s.b.w.embedded.tomcat.TomcatWebServer  : Tomcat started on port(s): 62042 (http) with context path ''
2022-06-22 21:29:30.044  INFO 15962 --- [    Test worker] c.j.b.s.web.IndexControllerTest          : Started IndexControllerTest in 7.533 seconds (JVM running for 8.833)
2022-06-22 21:29:30.310  INFO 15962 --- [o-auto-1-exec-1] o.a.c.c.C.[Tomcat].[localhost].[/]       : Initializing Spring DispatcherServlet 'dispatcherServlet'
2022-06-22 21:29:30.311  INFO 15962 --- [o-auto-1-exec-1] o.s.web.servlet.DispatcherServlet        : Initializing Servlet 'dispatcherServlet'
2022-06-22 21:29:30.368  INFO 15962 --- [o-auto-1-exec-1] o.s.web.servlet.DispatcherServlet        : Completed initialization in 57 ms
]]></system-out>
  <system-err><![CDATA[]]></system-err>
</testsuite>
